Config file name: config.in
Data file name: data/test.in
Random seed for Generating graph weights = 30125
Random seed= 16113
Config:
epsilon = 0.50, l = 1.00, k = 1, t = 7, type = 1, wsum = 0.70, evalcnt = 1, verbose = 1
number of initial N-inf seeds = 5
reading initial seeds from file:
0 68 443 310 154 
Reading data done, starting clock.
** Time step 1/7
Node reachable from seeds at the begining (only consider graph structure): 0 68 443 310 154 1 2 3 4 5 74 219 6 7 8 9 10 11 97 116 122 124 125 126 127 128 225 226 227 250 256 258 259 260 32 34 55 61 63 64 65 66 460 479 484 486 487 488 489 490 164 184 190 192 193 194 195 196 33 366 372 374 375 376 377 378 326 405 423 428 430 431 432 433 200 288 308 314 316 317 318 319 98 99 100 101 90 102 112 117 118 123 69 110 114 129 131 228 229 230 231 218 232 246 251 252 257 244 248 261 263 264 35 36 37 38 26 39 51 56 57 62 48 53 67 70 71 461 462 463 464 137 454 465 475 480 485 473 477 491 493 494 165 166 167 168 155 157 169 180 185 191 77 178 182 197 199 202 348 349 350 341 342 351 362 367 373 156 360 364 379 381 406 407 408 409 397 398 410 420 424 429 50 418 434 436 437 289 290 291 292 281 293 304 309 315 302 306 320 322 323 78 88 91 92 93 94 103 104 113 80 105 111 115 82 130 134 206 216 220 221 222 233 234 247 245 249 210 262 208 235 265 14 12 24 27 28 29 40 41 52 49 54 18 16 42 73 442 243 452 455 456 457 466 467 476 474 478 446 492 444 468 496 142 153 158 159 160 161 170 171 181 145 172 179 183 147 198 203 330 144 339 343 344 345 352 353 363 332 354 361 365 334 380 383 135 395 399 400 401 402 186 411 421 422 419 389 435 132 412 439 269 279 282 283 284 285 294 295 305 303 307 273 321 271 296 325 79 84 89 107 95 138 139 81 13 106 121 83 136 207 212 217 240 223 267 268 255 211 266 209 236 237 15 20 25 45 30 75 76 60 19 17 43 44 448 453 471 458 498 499 483 447 497 445 469 470 143 149 175 140 162 205 146 173 174 189 148 204 331 336 340 357 346 385 386 333 355 356 371 335 384 387 391 396 415 141 403 441 427 390 440 388 413 414 270 275 280 299 286 328 329 313 274 327 272 297 298 85 86 87 96 108 109 119 213 214 215 224 253 241 242 21 22 23 31 58 46 47 449 450 451 459 481 370 472 150 151 152 163 176 177 187 239 337 338 347 358 359 368 392 393 394 404 425 416 417 276 277 278 287 311 300 301 133 120 254 238 59 72 482 495 201 188 382 369 426 438 312 324
Node reachable from seeds at the timestep 1: 1 2 3 4 5 74 219 6 7 8 9 10 11 97 116 122 124 125 126 127 128 225 226 227 250 256 258 259 260 32 34 55 61 63 64 65 66 460 479 484 486 487 488 489 490 164 184 190 192 193 194 195 196 33 366 372 374 375 376 377 378 326 405 423 428 430 431 432 433 200 288 308 314 316 317 318 319 98 99 100 101 90 102 112 117 118 123 69 110 114 129 131 228 229 230 231 218 232 246 251 252 257 244 248 261 263 264 35 36 37 38 26 39 51 56 57 62 48 53 67 70 71 461 462 463 464 137 454 465 475 480 485 473 477 491 493 494 165 166 167 168 155 157 169 180 185 191 77 178 182 197 199 202 348 349 350 341 342 351 362 367 373 156 360 364 379 381 406 407 408 409 397 398 410 420 424 429 50 418 434 436 437 289 290 291 292 281 293 304 309 315 302 306 320 322 323 78 88 91 92 93 94 103 104 113 80 105 111 115 82 130 134 206 216 220 221 222 233 234 247 245 249 210 262 208 235 265 14 12 24 27 28 29 40 41 52 49 54 18 16 42 73 442 243 452 455 456 457 466 467 476 474 478 446 492 444 468 496 142 153 158 159 160 161 170 171 181 145 172 179 183 147 198 203 330 144 339 343 344 345 352 353 363 332 354 361 365 334 380 383 135 395 399 400 401 402 186 411 421 422 419 389 435 132 412 439 269 279 282 283 284 285 294 295 305 303 307 273 321 271 296 325 79 84 89 107 95 138 139 81 13 106 121 83 136 207 212 217 240 223 267 268 255 211 266 209 236 237 15 20 25 45 30 75 76 60 19 17 43 44 448 453 471 458 498 499 483 447 497 445 469 470 143 149 175 140 162 205 146 173 174 189 148 204 331 336 340 357 346 385 386 333 355 356 371 335 384 387 391 396 415 141 403 441 427 390 440 388 413 414 270 275 280 299 286 328 329 313 274 327 272 297 298 85 86 87 96 108 109 119 213 214 215 224 253 241 242 21 22 23 31 58 46 47 449 450 451 459 481 370 472 150 151 152 163 176 177 187 239 337 338 347 358 359 368 392 393 394 404 425 416 417 276 277 278 287 311 300 301 133 120 254 238 59 72 482 495 201 188 382 369 426 438 312 324
** Time step 2/7
Node reachable from seeds at the timestep 2: 219 9 11 97 116 122 124 125 126 127 128 225 226 227 250 256 258 259 260 33 366 372 374 375 376 377 378 326 200 288 308 314 316 317 318 319 98 99 100 101 90 102 112 117 118 123 69 110 114 129 131 228 229 230 231 218 232 246 251 252 257 244 248 261 263 264 57 137 185 77 178 182 202 348 349 350 341 342 351 362 367 373 156 360 364 379 381 289 290 291 292 281 293 304 309 315 302 306 320 322 323 78 88 91 92 93 94 103 104 113 80 105 111 115 82 130 134 206 216 220 221 222 233 234 247 245 249 210 262 208 235 265 243 159 145 172 179 183 330 144 339 343 344 345 352 353 363 332 354 361 365 334 380 383 135 132 269 279 282 283 284 285 294 295 305 303 307 273 321 271 296 325 79 84 89 107 95 138 139 81 13 106 121 83 136 207 212 217 240 223 267 268 255 211 266 209 236 237 146 173 174 189 331 336 340 357 346 385 386 333 355 356 371 335 384 387 388 270 275 280 299 286 328 329 313 274 327 272 297 298 85 86 87 96 108 109 119 213 214 215 224 253 241 242 23 58 370 176 177 187 239 337 338 347 358 359 368 276 277 278 287 311 300 301 133 120 254 238 59 201 188 382 369 312 324
** Time step 3/7
Node reachable from seeds at the timestep 3: 219 9 226 33 366 372 374 375 376 377 378 98 99 100 101 90 102 112 117 118 228 229 230 231 218 232 246 251 252 257 244 248 261 263 264 137 185 178 202 348 349 350 341 342 351 362 367 373 156 360 364 379 381 78 88 91 92 93 94 103 104 113 130 206 216 220 221 222 233 234 247 245 249 210 262 208 235 265 243 159 179 330 144 339 343 344 345 352 353 363 332 354 361 365 334 380 383 135 269 79 84 89 107 95 138 139 136 207 212 217 240 223 267 268 255 211 266 209 236 237 174 331 336 340 357 346 385 386 333 355 356 371 335 384 387 270 327 85 86 87 96 213 214 215 224 253 241 242 58 370 239 337 338 347 358 359 368 254 238 59 382 369
** Time step 4/7
Node reachable from seeds at the timestep 4: 219 137 185 156 78 88 91 92 93 94 103 104 130 206 216 220 221 222 233 234 247 245 210 262 208 235 265 243 332 354 135 269 79 84 89 107 95 138 139 136 207 212 217 240 223 267 268 211 266 209 236 237 333 355 356 387 270 85 86 87 96 213 214 215 224 241 242 239 358 359 238 382
** Time step 5/7
Node reachable from seeds at the timestep 5: 137 130 135 79 84 89 139 136 207 212 217 223 267 268 211 209 387 85 86 87 213 214 215 224 242 239 238
** Time step 6/7
Node reachable from seeds at the timestep 6: 135 139 387 213 214 215 224 242 239 238
** Time step 7/7
Node reachable from seeds at the timestep 7:
**Warning: not enough nodes in V' to select.**
**Warning: not enough nodes in V' to select.**
Test #0: No imm-set: 132, with imm-set: 65, reduction ratio: 0.507576
Infected nodes: (node, timestep)
(0, 0) 
(3, 1) 
(4, 1) 
(5, 1) 
(68, 0) 
(78, 4) 
(79, 5) 
(88, 4) 
(89, 5) 
(90, 3) 
(92, 4) 
(94, 4) 
(97, 2) 
(98, 3) 
(99, 3) 
(100, 3) 
(101, 3) 
(102, 3) 
(103, 4) 
(116, 2) 
(124, 2) 
(125, 2) 
(128, 2) 
(154, 0) 
(206, 4) 
(207, 5) 
(208, 4) 
(209, 5) 
(210, 4) 
(211, 5) 
(212, 5) 
(214, 6) 
(215, 6) 
(216, 4) 
(217, 5) 
(218, 3) 
(220, 4) 
(222, 4) 
(223, 5) 
(225, 2) 
(226, 3) 
(227, 2) 
(228, 3) 
(229, 3) 
(232, 3) 
(233, 4) 
(234, 4) 
(244, 3) 
(245, 4) 
(246, 3) 
(247, 4) 
(250, 2) 
(251, 3) 
(252, 3) 
(256, 2) 
(257, 3) 
(258, 2) 
(259, 2) 
(261, 3) 
(263, 3) 
(264, 3) 
(267, 5) 
(268, 5) 
(310, 0) 
(443, 0) 
Imm-pairs selected: (node, timestep)
(2, 1) 
(11, 2) 
(9, 3) 
(235, 4) 
(84, 5) 
(224, 6) 

Done, CPU clock() time elapsed (sec): 0.003
Average reduction ratio: 0.507576
